app/build/intermediates/manifest_merge_blame_file/debug/manifest-merger-blame-debug-report.txt
1<?xml version="1.0" encoding="utf-8"?>
2<manifest xmlns:android="http://schemas.android.com/apk/res/android"
3    package="com.example.finalproject"
4    android:versionCode="1"
5    android:versionName="1.0" >
6
7    <uses-sdk
8        android:minSdkVersion="24"
8-->src/main/AndroidManifest.xml
9        android:targetSdkVersion="33" />
9-->src/main/AndroidManifest.xml
10
11    <uses-permission android:name="android.permission.INTERNET" />
11-->src/main/AndroidManifest.xml:4:5-66
11-->src/main/AndroidManifest.xml:4:22-64
12
13    <permission
13-->[androidx.core:core:1.9.0] AndroidManifest.xml:22:5-24:47
14        android:name="com.example.finalproject.DYNAMIC_RECEIVER_NOT_EXPORTED_PERMISSION"
14-->[androidx.core:core:1.9.0] AndroidManifest.xml:23:9-81
15        android:protectionLevel="signature" />
15-->[androidx.core:core:1.9.0] AndroidManifest.xml:24:9-44
16
17    <uses-permission android:name="com.example.finalproject.DYNAMIC_RECEIVER_NOT_EXPORTED_PERMISSION" />
17-->[androidx.core:core:1.9.0] AndroidManifest.xml:26:5-97
17-->[androidx.core:core:1.9.0] AndroidManifest.xml:26:22-94
18
19    <application
19-->src/main/AndroidManifest.xml:5:5-42:19
20        android:allowBackup="true"
20-->src/main/AndroidManifest.xml:7:9-35
21        android:appComponentFactory="androidx.core.app.CoreComponentFactory"
21-->[androidx.core:core:1.9.0] AndroidManifest.xml:28:18-86
22        android:dataExtractionRules="@xml/data_extraction_rules"
22-->src/main/AndroidManifest.xml:8:9-65
23        android:debuggable="true"
24        android:extractNativeLibs="false"
25        android:fullBackupContent="@xml/backup_rules"
25-->src/main/AndroidManifest.xml:9:9-54
26        android:icon="@drawable/doctor1"
26-->src/main/AndroidManifest.xml:10:9-41
27        android:label="@string/app_name"
27-->src/main/AndroidManifest.xml:11:9-41
28        android:supportsRtl="true"
28-->src/main/AndroidManifest.xml:12:9-35
29        android:testOnly="true"
30        android:theme="@style/Theme.FinalProject"
30-->src/main/AndroidManifest.xml:13:9-50
31        android:usesCleartextTraffic="true" >
31-->src/main/AndroidManifest.xml:6:9-44
32        <activity
32-->src/main/AndroidManifest.xml:15:9-17:40
33            android:name="com.example.finalproject.CrumpsWebsiteActivity"
33-->src/main/AndroidManifest.xml:16:13-50
34            android:exported="false" />
34-->src/main/AndroidManifest.xml:17:13-37
35        <activity
35-->src/main/AndroidManifest.xml:18:9-20:40
36            android:name="com.example.finalproject.ConvulsionsWebsiteActivity"
36-->src/main/AndroidManifest.xml:19:13-55
37            android:exported="false" />
37-->src/main/AndroidManifest.xml:20:13-37
38        <activity
38-->src/main/AndroidManifest.xml:21:9-23:40
39            android:name="com.example.finalproject.StomachWebsiteActivity"
39-->src/main/AndroidManifest.xml:22:13-51
40            android:exported="false" />
40-->src/main/AndroidManifest.xml:23:13-37
41        <activity
41-->src/main/AndroidManifest.xml:24:9-26:40
42            android:name="com.example.finalproject.UlcersWebsiteActivity"
42-->src/main/AndroidManifest.xml:25:13-50
43            android:exported="false" />
43-->src/main/AndroidManifest.xml:26:13-37
44        <activity
44-->src/main/AndroidManifest.xml:27:9-29:40
45            android:name="com.example.finalproject.AllergiesWebsiteActivity"
45-->src/main/AndroidManifest.xml:28:13-53
46            android:exported="false" />
46-->src/main/AndroidManifest.xml:29:13-37
47        <activity
47-->src/main/AndroidManifest.xml:30:9-32:40
48            android:name="com.example.finalproject.AsthmaWebsiteActivity"
48-->src/main/AndroidManifest.xml:31:13-50
49            android:exported="false" />
49-->src/main/AndroidManifest.xml:32:13-37
50        <activity
50-->src/main/AndroidManifest.xml:33:9-41:20
51            android:name="com.example.finalproject.MainActivity"
51-->src/main/AndroidManifest.xml:34:13-41
52            android:exported="true" >
52-->src/main/AndroidManifest.xml:35:13-36
53            <intent-filter>
53-->src/main/AndroidManifest.xml:36:13-40:29
54                <action android:name="android.intent.action.MAIN" />
54-->src/main/AndroidManifest.xml:37:17-69
54-->src/main/AndroidManifest.xml:37:25-66
55
56                <category android:name="android.intent.category.LAUNCHER" />
56-->src/main/AndroidManifest.xml:39:17-77
56-->src/main/AndroidManifest.xml:39:27-74
57            </intent-filter>
58        </activity>
59
60        <provider
60-->[androidx.emoji2:emoji2:1.2.0] AndroidManifest.xml:24:9-32:20
61            android:name="androidx.startup.InitializationProvider"
61-->[androidx.emoji2:emoji2:1.2.0] AndroidManifest.xml:25:13-67
62            android:authorities="com.example.finalproject.androidx-startup"
62-->[androidx.emoji2:emoji2:1.2.0] AndroidManifest.xml:26:13-68
63            android:exported="false" >
63-->[androidx.emoji2:emoji2:1.2.0] AndroidManifest.xml:27:13-37
64            <meta-data
64-->[androidx.emoji2:emoji2:1.2.0] AndroidManifest.xml:29:13-31:52
65                android:name="androidx.emoji2.text.EmojiCompatInitializer"
65-->[androidx.emoji2:emoji2:1.2.0] AndroidManifest.xml:30:17-75
66                android:value="androidx.startup" />
66-->[androidx.emoji2:emoji2:1.2.0] AndroidManifest.xml:31:17-49
67            <meta-data
67-->[androidx.lifecycle:lifecycle-process:2.4.1] AndroidManifest.xml:31:13-33:52
68                android:name="androidx.lifecycle.ProcessLifecycleInitializer"
68-->[androidx.lifecycle:lifecycle-process:2.4.1] AndroidManifest.xml:32:17-78
69                android:value="androidx.startup" />
69-->[androidx.lifecycle:lifecycle-process:2.4.1] AndroidManifest.xml:33:17-49
70        </provider>
71    </application>
72
73</manifest>